error: proc-macro derive panicked
  --> tests/ui/node_attr_test2.rs:28:10
   |
28 | #[derive(Node, Serialize, Deserialize)]
   |          ^^^^
   |
   = help: message: Invalid combination. When `define` or `define_fn`, the following attributes cannot be use in combination to prevent confusion:
                                       drop,
                                       as,
                                       as_fn,
                                       schemafull,
                                       permissions,
                                       permissions_fn

error: proc-macro derive panicked
  --> tests/ui/node_attr_test2.rs:44:10
   |
44 | #[derive(Node, Serialize, Deserialize)]
   |          ^^^^
   |
   = help: message: Invalid combination. When `define` or `define_fn`, the following attributes cannot be use in combination to prevent confusion:
                                       drop,
                                       as,
                                       as_fn,
                                       schemafull,
                                       permissions,
                                       permissions_fn

error: proc-macro derive panicked
  --> tests/ui/node_attr_test2.rs:66:10
   |
66 | #[derive(Node, Serialize, Deserialize)]
   |          ^^^^
   |
   = help: message: Invalid combination. When `define` or `define_fn`, the following attributes cannot be use in combination to prevent confusion:
                                       drop,
                                       as,
                                       as_fn,
                                       schemafull,
                                       permissions,
                                       permissions_fn

error: proc-macro derive panicked
  --> tests/ui/node_attr_test2.rs:73:10
   |
73 | #[derive(Node, Serialize, Deserialize)]
   |          ^^^^
   |
   = help: message: Invalid combination. When `define` or `define_fn`, the following attributes cannot be use in combination to prevent confusion:
                                       drop,
                                       as,
                                       as_fn,
                                       schemafull,
                                       permissions,
                                       permissions_fn

error: proc-macro derive panicked
  --> tests/ui/node_attr_test2.rs:80:10
   |
80 | #[derive(Node, Serialize, Deserialize)]
   |          ^^^^
   |
   = help: message: Invalid combination. When `define` or `define_fn`, the following attributes cannot be use in combination to prevent confusion:
                                       drop,
                                       as,
                                       as_fn,
                                       schemafull,
                                       permissions,
                                       permissions_fn

error: proc-macro derive panicked
  --> tests/ui/node_attr_test2.rs:92:10
   |
92 | #[derive(Node, Serialize, Deserialize)]
   |          ^^^^
   |
   = help: message: Invalid combination. When `define` or `define_fn`, the following attributes cannot be use in combination to prevent confusion:
                                       drop,
                                       as,
                                       as_fn,
                                       schemafull,
                                       permissions,
                                       permissions_fn

error: proc-macro derive panicked
   --> tests/ui/node_attr_test2.rs:103:10
    |
103 | #[derive(Node, Serialize, Deserialize)]
    |          ^^^^
    |
    = help: message: define and define_fn attribute cannot be provided at the same time to prevent ambiguity. Use either of the two.

error: proc-macro derive panicked
   --> tests/ui/node_attr_test2.rs:115:10
    |
115 | #[derive(Node, Serialize, Deserialize)]
    |          ^^^^
    |
    = help: message: Invalid combination. When `define` or `define_fn`, the following attributes cannot be use in combination to prevent confusion:
                                        drop,
                                        as,
                                        as_fn,
                                        schemafull,
                                        permissions,
                                        permissions_fn

error: proc-macro derive panicked
   --> tests/ui/node_attr_test2.rs:122:10
    |
122 | #[derive(Node, Serialize, Deserialize)]
    |          ^^^^
    |
    = help: message: Invalid combination. When `define` or `define_fn`, the following attributes cannot be use in combination to prevent confusion:
                                        drop,
                                        as,
                                        as_fn,
                                        schemafull,
                                        permissions,
                                        permissions_fn

error: proc-macro derive panicked
   --> tests/ui/node_attr_test2.rs:133:10
    |
133 | #[derive(Node, Serialize, Deserialize)]
    |          ^^^^
    |
    = help: message: Invalid combination. When `define` or `define_fn`, the following attributes cannot be use in combination to prevent confusion:
                                        drop,
                                        as,
                                        as_fn,
                                        schemafull,
                                        permissions,
                                        permissions_fn

error: proc-macro derive panicked
   --> tests/ui/node_attr_test2.rs:144:10
    |
144 | #[derive(Node, Serialize, Deserialize)]
    |          ^^^^
    |
    = help: message: Invalid combination. When `define` or `define_fn`, the following attributes cannot be use in combination to prevent confusion:
                                        drop,
                                        as,
                                        as_fn,
                                        schemafull,
                                        permissions,
                                        permissions_fn

warning: unused import: `select`
 --> tests/ui/node_attr_test2.rs:3:24
  |
3 |     statements::{for_, select, Permissions},
  |                        ^^^^^^
  |
  = note: `#[warn(unused_imports)]` on by default

error[E0601]: `main` function not found in crate `$CRATE`
   --> tests/ui/node_attr_test2.rs:153:2
    |
153 | }
    |  ^ consider adding a `main` function to `$DIR/tests/ui/node_attr_test2.rs`

error[E0277]: the trait bound `StudentTest0: surreal_orm::Model` is not satisfied
  --> tests/ui/node_attr_test2.rs:40:9
   |
40 |     id: SurrealSimpleId<Self>,
   |         ^^^^^^^^^^^^^^^^^^^^^ the trait `surreal_orm::Model` is not implemented for `StudentTest0`
   |
   = help: the following other types implement trait `surreal_orm::Model`:
             Student
             TestUser
note: required by a bound in `surreal_orm::SurrealSimpleId`
  --> $WORKSPACE/surreal-query-builder/src/types/surreal_id.rs
   |
   | pub struct SurrealSimpleId<T: Model>(SurrealId<T, String>);
   |                               ^^^^^ required by this bound in `SurrealSimpleId`

error[E0277]: the trait bound `StudentTest1: surreal_orm::Model` is not satisfied
  --> tests/ui/node_attr_test2.rs:56:9
   |
56 |     id: SurrealSimpleId<Self>,
   |         ^^^^^^^^^^^^^^^^^^^^^ the trait `surreal_orm::Model` is not implemented for `StudentTest1`
   |
   = help: the following other types implement trait `surreal_orm::Model`:
             Student
             TestUser
note: required by a bound in `surreal_orm::SurrealSimpleId`
  --> $WORKSPACE/surreal-query-builder/src/types/surreal_id.rs
   |
   | pub struct SurrealSimpleId<T: Model>(SurrealId<T, String>);
   |                               ^^^^^ required by this bound in `SurrealSimpleId`

error[E0277]: the trait bound `StudentTest2: surreal_orm::Model` is not satisfied
  --> tests/ui/node_attr_test2.rs:70:9
   |
70 |     id: SurrealSimpleId<Self>,
   |         ^^^^^^^^^^^^^^^^^^^^^ the trait `surreal_orm::Model` is not implemented for `StudentTest2`
   |
   = help: the following other types implement trait `surreal_orm::Model`:
             Student
             TestUser
note: required by a bound in `surreal_orm::SurrealSimpleId`
  --> $WORKSPACE/surreal-query-builder/src/types/surreal_id.rs
   |
   | pub struct SurrealSimpleId<T: Model>(SurrealId<T, String>);
   |                               ^^^^^ required by this bound in `SurrealSimpleId`

error[E0277]: the trait bound `StudentTest3: surreal_orm::Model` is not satisfied
  --> tests/ui/node_attr_test2.rs:77:9
   |
77 |     id: SurrealSimpleId<Self>,
   |         ^^^^^^^^^^^^^^^^^^^^^ the trait `surreal_orm::Model` is not implemented for `StudentTest3`
   |
   = help: the following other types implement trait `surreal_orm::Model`:
             Student
             TestUser
note: required by a bound in `surreal_orm::SurrealSimpleId`
  --> $WORKSPACE/surreal-query-builder/src/types/surreal_id.rs
   |
   | pub struct SurrealSimpleId<T: Model>(SurrealId<T, String>);
   |                               ^^^^^ required by this bound in `SurrealSimpleId`

error[E0277]: the trait bound `StudentTest4: surreal_orm::Model` is not satisfied
  --> tests/ui/node_attr_test2.rs:89:9
   |
89 |     id: SurrealSimpleId<Self>,
   |         ^^^^^^^^^^^^^^^^^^^^^ the trait `surreal_orm::Model` is not implemented for `StudentTest4`
   |
   = help: the following other types implement trait `surreal_orm::Model`:
             Student
             TestUser
note: required by a bound in `surreal_orm::SurrealSimpleId`
  --> $WORKSPACE/surreal-query-builder/src/types/surreal_id.rs
   |
   | pub struct SurrealSimpleId<T: Model>(SurrealId<T, String>);
   |                               ^^^^^ required by this bound in `SurrealSimpleId`

error[E0277]: the trait bound `StudentTest5: surreal_orm::Model` is not satisfied
   --> tests/ui/node_attr_test2.rs:100:9
    |
100 |     id: SurrealSimpleId<Self>,
    |         ^^^^^^^^^^^^^^^^^^^^^ the trait `surreal_orm::Model` is not implemented for `StudentTest5`
    |
    = help: the following other types implement trait `surreal_orm::Model`:
              Student
              TestUser
note: required by a bound in `surreal_orm::SurrealSimpleId`
   --> $WORKSPACE/surreal-query-builder/src/types/surreal_id.rs
    |
    | pub struct SurrealSimpleId<T: Model>(SurrealId<T, String>);
    |                               ^^^^^ required by this bound in `SurrealSimpleId`

error[E0277]: the trait bound `StudentTest6: surreal_orm::Model` is not satisfied
   --> tests/ui/node_attr_test2.rs:111:9
    |
111 |     id: SurrealSimpleId<Self>,
    |         ^^^^^^^^^^^^^^^^^^^^^ the trait `surreal_orm::Model` is not implemented for `StudentTest6`
    |
    = help: the following other types implement trait `surreal_orm::Model`:
              Student
              TestUser
note: required by a bound in `surreal_orm::SurrealSimpleId`
   --> $WORKSPACE/surreal-query-builder/src/types/surreal_id.rs
    |
    | pub struct SurrealSimpleId<T: Model>(SurrealId<T, String>);
    |                               ^^^^^ required by this bound in `SurrealSimpleId`

error[E0277]: the trait bound `StudentTest7: surreal_orm::Model` is not satisfied
   --> tests/ui/node_attr_test2.rs:119:9
    |
119 |     id: SurrealSimpleId<Self>,
    |         ^^^^^^^^^^^^^^^^^^^^^ the trait `surreal_orm::Model` is not implemented for `StudentTest7`
    |
    = help: the following other types implement trait `surreal_orm::Model`:
              Student
              TestUser
note: required by a bound in `surreal_orm::SurrealSimpleId`
   --> $WORKSPACE/surreal-query-builder/src/types/surreal_id.rs
    |
    | pub struct SurrealSimpleId<T: Model>(SurrealId<T, String>);
    |                               ^^^^^ required by this bound in `SurrealSimpleId`

error[E0277]: the trait bound `StudentTest8: surreal_orm::Model` is not satisfied
   --> tests/ui/node_attr_test2.rs:130:9
    |
130 |     id: SurrealSimpleId<Self>,
    |         ^^^^^^^^^^^^^^^^^^^^^ the trait `surreal_orm::Model` is not implemented for `StudentTest8`
    |
    = help: the following other types implement trait `surreal_orm::Model`:
              Student
              TestUser
note: required by a bound in `surreal_orm::SurrealSimpleId`
   --> $WORKSPACE/surreal-query-builder/src/types/surreal_id.rs
    |
    | pub struct SurrealSimpleId<T: Model>(SurrealId<T, String>);
    |                               ^^^^^ required by this bound in `SurrealSimpleId`

error[E0277]: the trait bound `StudentTest9: surreal_orm::Model` is not satisfied
   --> tests/ui/node_attr_test2.rs:141:9
    |
141 |     id: SurrealSimpleId<Self>,
    |         ^^^^^^^^^^^^^^^^^^^^^ the trait `surreal_orm::Model` is not implemented for `StudentTest9`
    |
    = help: the following other types implement trait `surreal_orm::Model`:
              Student
              TestUser
note: required by a bound in `surreal_orm::SurrealSimpleId`
   --> $WORKSPACE/surreal-query-builder/src/types/surreal_id.rs
    |
    | pub struct SurrealSimpleId<T: Model>(SurrealId<T, String>);
    |                               ^^^^^ required by this bound in `SurrealSimpleId`

error[E0277]: the trait bound `StudentTest10: surreal_orm::Model` is not satisfied
   --> tests/ui/node_attr_test2.rs:152:9
    |
152 |     id: SurrealSimpleId<Self>,
    |         ^^^^^^^^^^^^^^^^^^^^^ the trait `surreal_orm::Model` is not implemented for `StudentTest10`
    |
    = help: the following other types implement trait `surreal_orm::Model`:
              Student
              TestUser
note: required by a bound in `surreal_orm::SurrealSimpleId`
   --> $WORKSPACE/surreal-query-builder/src/types/surreal_id.rs
    |
    | pub struct SurrealSimpleId<T: Model>(SurrealId<T, String>);
    |                               ^^^^^ required by this bound in `SurrealSimpleId`
